Added Component: Designator=C1(0603C)
Add component (AddParameter): Name = "LatestRevisionDate"; Value = "17-Jul-2002"; VariantName = "[No Variations]"
Add component (AddParameter): Name = "LatestRevisionNote"; Value = "Re-released for DXP Platform."; VariantName = "[No Variations]"
Add component (AddParameter): Name = "PackageDescription"; Value = "Radial Cap, Thru-Hole; 2 Leads; 0.3 in Pin Spacing"; VariantName = "[No Variations]"
Add component (AddParameter): Name = "PackageReference"; Value = "RAD-0.3"; VariantName = "[No Variations]"
Add component (AddParameter): Name = "Published"; Value = "8-Jun-2000"; VariantName = "[No Variations]"
Add component (AddParameter): Name = "Publisher"; Value = "Altium Limited"; VariantName = "[No Variations]"
Add component (AddParameter): Name = "Value"; Value = "10nF"; VariantName = "[No Variations]"
Added Component: Designator=C2(0805C)
Add component (AddParameter): Name = "LatestRevisionDate"; Value = "17-Jul-2002"; VariantName = "[No Variations]"
Add component (AddParameter): Name = "LatestRevisionNote"; Value = "Re-released for DXP Platform."; VariantName = "[No Variations]"
Add component (AddParameter): Name = "PackageDescription"; Value = "Radial Cap, Thru-Hole; 2 Leads; 0.3 in Pin Spacing"; VariantName = "[No Variations]"
Add component (AddParameter): Name = "PackageReference"; Value = "RAD-0.3"; VariantName = "[No Variations]"
Add component (AddParameter): Name = "Published"; Value = "8-Jun-2000"; VariantName = "[No Variations]"
Add component (AddParameter): Name = "Publisher"; Value = "Altium Limited"; VariantName = "[No Variations]"
Add component (AddParameter): Name = "Value"; Value = "1uF"; VariantName = "[No Variations]"
Added Component: Designator=C3(0603C)
Add component (AddParameter): Name = "LatestRevisionDate"; Value = "17-Jul-2002"; VariantName = "[No Variations]"
Add component (AddParameter): Name = "LatestRevisionNote"; Value = "Re-released for DXP Platform."; VariantName = "[No Variations]"
Add component (AddParameter): Name = "PackageDescription"; Value = "Radial Cap, Thru-Hole; 2 Leads; 0.3 in Pin Spacing"; VariantName = "[No Variations]"
Add component (AddParameter): Name = "PackageReference"; Value = "RAD-0.3"; VariantName = "[No Variations]"
Add component (AddParameter): Name = "Published"; Value = "8-Jun-2000"; VariantName = "[No Variations]"
Add component (AddParameter): Name = "Publisher"; Value = "Altium Limited"; VariantName = "[No Variations]"
Add component (AddParameter): Name = "Value"; Value = "10uF"; VariantName = "[No Variations]"
Added Component: Designator=C4(0603C)
Add component (AddParameter): Name = "LatestRevisionDate"; Value = "17-Jul-2002"; VariantName = "[No Variations]"
Add component (AddParameter): Name = "LatestRevisionNote"; Value = "Re-released for DXP Platform."; VariantName = "[No Variations]"
Add component (AddParameter): Name = "PackageDescription"; Value = "Radial Cap, Thru-Hole; 2 Leads; 0.3 in Pin Spacing"; VariantName = "[No Variations]"
Add component (AddParameter): Name = "PackageReference"; Value = "RAD-0.3"; VariantName = "[No Variations]"
Add component (AddParameter): Name = "Published"; Value = "8-Jun-2000"; VariantName = "[No Variations]"
Add component (AddParameter): Name = "Publisher"; Value = "Altium Limited"; VariantName = "[No Variations]"
Add component (AddParameter): Name = "Value"; Value = "10uF"; VariantName = "[No Variations]"
Added Component: Designator=C5(0603C)
Add component (AddParameter): Name = "LatestRevisionDate"; Value = "17-Jul-2002"; VariantName = "[No Variations]"
Add component (AddParameter): Name = "LatestRevisionNote"; Value = "Re-released for DXP Platform."; VariantName = "[No Variations]"
Add component (AddParameter): Name = "PackageDescription"; Value = "Radial Cap, Thru-Hole; 2 Leads; 0.3 in Pin Spacing"; VariantName = "[No Variations]"
Add component (AddParameter): Name = "PackageReference"; Value = "RAD-0.3"; VariantName = "[No Variations]"
Add component (AddParameter): Name = "Published"; Value = "8-Jun-2000"; VariantName = "[No Variations]"
Add component (AddParameter): Name = "Publisher"; Value = "Altium Limited"; VariantName = "[No Variations]"
Add component (AddParameter): Name = "Value"; Value = "100nF"; VariantName = "[No Variations]"
Added Component: Designator=C6(0603C)
Add component (AddParameter): Name = "LatestRevisionDate"; Value = "17-Jul-2002"; VariantName = "[No Variations]"
Add component (AddParameter): Name = "LatestRevisionNote"; Value = "Re-released for DXP Platform."; VariantName = "[No Variations]"
Add component (AddParameter): Name = "PackageDescription"; Value = "Radial Cap, Thru-Hole; 2 Leads; 0.3 in Pin Spacing"; VariantName = "[No Variations]"
Add component (AddParameter): Name = "PackageReference"; Value = "RAD-0.3"; VariantName = "[No Variations]"
Add component (AddParameter): Name = "Published"; Value = "8-Jun-2000"; VariantName = "[No Variations]"
Add component (AddParameter): Name = "Publisher"; Value = "Altium Limited"; VariantName = "[No Variations]"
Add component (AddParameter): Name = "Value"; Value = "1uF"; VariantName = "[No Variations]"
Added Component: Designator=C7(0603C)
Add component (AddParameter): Name = "LatestRevisionDate"; Value = "17-Jul-2002"; VariantName = "[No Variations]"
Add component (AddParameter): Name = "LatestRevisionNote"; Value = "Re-released for DXP Platform."; VariantName = "[No Variations]"
Add component (AddParameter): Name = "PackageDescription"; Value = "Radial Cap, Thru-Hole; 2 Leads; 0.3 in Pin Spacing"; VariantName = "[No Variations]"
Add component (AddParameter): Name = "PackageReference"; Value = "RAD-0.3"; VariantName = "[No Variations]"
Add component (AddParameter): Name = "Published"; Value = "8-Jun-2000"; VariantName = "[No Variations]"
Add component (AddParameter): Name = "Publisher"; Value = "Altium Limited"; VariantName = "[No Variations]"
Add component (AddParameter): Name = "Value"; Value = "10uF"; VariantName = "[No Variations]"
Added Component: Designator=C8(0603C)
Add component (AddParameter): Name = "LatestRevisionDate"; Value = "17-Jul-2002"; VariantName = "[No Variations]"
Add component (AddParameter): Name = "LatestRevisionNote"; Value = "Re-released for DXP Platform."; VariantName = "[No Variations]"
Add component (AddParameter): Name = "PackageDescription"; Value = "Radial Cap, Thru-Hole; 2 Leads; 0.3 in Pin Spacing"; VariantName = "[No Variations]"
Add component (AddParameter): Name = "PackageReference"; Value = "RAD-0.3"; VariantName = "[No Variations]"
Add component (AddParameter): Name = "Published"; Value = "8-Jun-2000"; VariantName = "[No Variations]"
Add component (AddParameter): Name = "Publisher"; Value = "Altium Limited"; VariantName = "[No Variations]"
Add component (AddParameter): Name = "Value"; Value = "100nF"; VariantName = "[No Variations]"
Added Component: Designator=C9(0603C)
Add component (AddParameter): Name = "LatestRevisionDate"; Value = "17-Jul-2002"; VariantName = "[No Variations]"
Add component (AddParameter): Name = "LatestRevisionNote"; Value = "Re-released for DXP Platform."; VariantName = "[No Variations]"
Add component (AddParameter): Name = "PackageDescription"; Value = "Radial Cap, Thru-Hole; 2 Leads; 0.3 in Pin Spacing"; VariantName = "[No Variations]"
Add component (AddParameter): Name = "PackageReference"; Value = "RAD-0.3"; VariantName = "[No Variations]"
Add component (AddParameter): Name = "Published"; Value = "8-Jun-2000"; VariantName = "[No Variations]"
Add component (AddParameter): Name = "Publisher"; Value = "Altium Limited"; VariantName = "[No Variations]"
Add component (AddParameter): Name = "Value"; Value = "100pF"; VariantName = "[No Variations]"
Added Component: Designator=C10(0603C)
Add component (AddParameter): Name = "LatestRevisionDate"; Value = "17-Jul-2002"; VariantName = "[No Variations]"
Add component (AddParameter): Name = "LatestRevisionNote"; Value = "Re-released for DXP Platform."; VariantName = "[No Variations]"
Add component (AddParameter): Name = "PackageDescription"; Value = "Radial Cap, Thru-Hole; 2 Leads; 0.3 in Pin Spacing"; VariantName = "[No Variations]"
Add component (AddParameter): Name = "PackageReference"; Value = "RAD-0.3"; VariantName = "[No Variations]"
Add component (AddParameter): Name = "Published"; Value = "8-Jun-2000"; VariantName = "[No Variations]"
Add component (AddParameter): Name = "Publisher"; Value = "Altium Limited"; VariantName = "[No Variations]"
Add component (AddParameter): Name = "Value"; Value = "100pF"; VariantName = "[No Variations]"
Added Component: Designator=C11(0603C)
Add component (AddParameter): Name = "LatestRevisionDate"; Value = "17-Jul-2002"; VariantName = "[No Variations]"
Add component (AddParameter): Name = "LatestRevisionNote"; Value = "Re-released for DXP Platform."; VariantName = "[No Variations]"
Add component (AddParameter): Name = "PackageDescription"; Value = "Radial Cap, Thru-Hole; 2 Leads; 0.3 in Pin Spacing"; VariantName = "[No Variations]"
Add component (AddParameter): Name = "PackageReference"; Value = "RAD-0.3"; VariantName = "[No Variations]"
Add component (AddParameter): Name = "Published"; Value = "8-Jun-2000"; VariantName = "[No Variations]"
Add component (AddParameter): Name = "Publisher"; Value = "Altium Limited"; VariantName = "[No Variations]"
Add component (AddParameter): Name = "Value"; Value = "100pF"; VariantName = "[No Variations]"
Added Component: Designator=C12(0603C)
Add component (AddParameter): Name = "LatestRevisionDate"; Value = "17-Jul-2002"; VariantName = "[No Variations]"
Add component (AddParameter): Name = "LatestRevisionNote"; Value = "Re-released for DXP Platform."; VariantName = "[No Variations]"
Add component (AddParameter): Name = "PackageDescription"; Value = "Radial Cap, Thru-Hole; 2 Leads; 0.3 in Pin Spacing"; VariantName = "[No Variations]"
Add component (AddParameter): Name = "PackageReference"; Value = "RAD-0.3"; VariantName = "[No Variations]"
Add component (AddParameter): Name = "Published"; Value = "8-Jun-2000"; VariantName = "[No Variations]"
Add component (AddParameter): Name = "Publisher"; Value = "Altium Limited"; VariantName = "[No Variations]"
Add component (AddParameter): Name = "Value"; Value = "100pF"; VariantName = "[No Variations]"
Added Component: Designator=C13(0603C)
Add component (AddParameter): Name = "LatestRevisionDate"; Value = "17-Jul-2002"; VariantName = "[No Variations]"
Add component (AddParameter): Name = "LatestRevisionNote"; Value = "Re-released for DXP Platform."; VariantName = "[No Variations]"
Add component (AddParameter): Name = "PackageDescription"; Value = "Radial Cap, Thru-Hole; 2 Leads; 0.3 in Pin Spacing"; VariantName = "[No Variations]"
Add component (AddParameter): Name = "PackageReference"; Value = "RAD-0.3"; VariantName = "[No Variations]"
Add component (AddParameter): Name = "Published"; Value = "8-Jun-2000"; VariantName = "[No Variations]"
Add component (AddParameter): Name = "Publisher"; Value = "Altium Limited"; VariantName = "[No Variations]"
Add component (AddParameter): Name = "Value"; Value = "100pF"; VariantName = "[No Variations]"
Added Component: Designator=C14(0603C)
Add component (AddParameter): Name = "LatestRevisionDate"; Value = "17-Jul-2002"; VariantName = "[No Variations]"
Add component (AddParameter): Name = "LatestRevisionNote"; Value = "Re-released for DXP Platform."; VariantName = "[No Variations]"
Add component (AddParameter): Name = "PackageDescription"; Value = "Radial Cap, Thru-Hole; 2 Leads; 0.3 in Pin Spacing"; VariantName = "[No Variations]"
Add component (AddParameter): Name = "PackageReference"; Value = "RAD-0.3"; VariantName = "[No Variations]"
Add component (AddParameter): Name = "Published"; Value = "8-Jun-2000"; VariantName = "[No Variations]"
Add component (AddParameter): Name = "Publisher"; Value = "Altium Limited"; VariantName = "[No Variations]"
Add component (AddParameter): Name = "Value"; Value = "100pF"; VariantName = "[No Variations]"
Added Component: Designator=C15(0603C)
Add component (AddParameter): Name = "LatestRevisionDate"; Value = "17-Jul-2002"; VariantName = "[No Variations]"
Add component (AddParameter): Name = "LatestRevisionNote"; Value = "Re-released for DXP Platform."; VariantName = "[No Variations]"
Add component (AddParameter): Name = "PackageDescription"; Value = "Radial Cap, Thru-Hole; 2 Leads; 0.3 in Pin Spacing"; VariantName = "[No Variations]"
Add component (AddParameter): Name = "PackageReference"; Value = "RAD-0.3"; VariantName = "[No Variations]"
Add component (AddParameter): Name = "Published"; Value = "8-Jun-2000"; VariantName = "[No Variations]"
Add component (AddParameter): Name = "Publisher"; Value = "Altium Limited"; VariantName = "[No Variations]"
Add component (AddParameter): Name = "Value"; Value = "10uF"; VariantName = "[No Variations]"
Added Component: Designator=C16(0603C)
Add component (AddParameter): Name = "LatestRevisionDate"; Value = "17-Jul-2002"; VariantName = "[No Variations]"
Add component (AddParameter): Name = "LatestRevisionNote"; Value = "Re-released for DXP Platform."; VariantName = "[No Variations]"
Add component (AddParameter): Name = "PackageDescription"; Value = "Radial Cap, Thru-Hole; 2 Leads; 0.3 in Pin Spacing"; VariantName = "[No Variations]"
Add component (AddParameter): Name = "PackageReference"; Value = "RAD-0.3"; VariantName = "[No Variations]"
Add component (AddParameter): Name = "Published"; Value = "8-Jun-2000"; VariantName = "[No Variations]"
Add component (AddParameter): Name = "Publisher"; Value = "Altium Limited"; VariantName = "[No Variations]"
Add component (AddParameter): Name = "Value"; Value = "10uF"; VariantName = "[No Variations]"
Added Component: Designator=C17(0603C)
Add component (AddParameter): Name = "LatestRevisionDate"; Value = "17-Jul-2002"; VariantName = "[No Variations]"
Add component (AddParameter): Name = "LatestRevisionNote"; Value = "Re-released for DXP Platform."; VariantName = "[No Variations]"
Add component (AddParameter): Name = "PackageDescription"; Value = "Radial Cap, Thru-Hole; 2 Leads; 0.3 in Pin Spacing"; VariantName = "[No Variations]"
Add component (AddParameter): Name = "PackageReference"; Value = "RAD-0.3"; VariantName = "[No Variations]"
Add component (AddParameter): Name = "Published"; Value = "8-Jun-2000"; VariantName = "[No Variations]"
Add component (AddParameter): Name = "Publisher"; Value = "Altium Limited"; VariantName = "[No Variations]"
Add component (AddParameter): Name = "Value"; Value = "10uF"; VariantName = "[No Variations]"
Added Component: Designator=C18(0603C)
Add component (AddParameter): Name = "LatestRevisionDate"; Value = "17-Jul-2002"; VariantName = "[No Variations]"
Add component (AddParameter): Name = "LatestRevisionNote"; Value = "Re-released for DXP Platform."; VariantName = "[No Variations]"
Add component (AddParameter): Name = "PackageDescription"; Value = "Radial Cap, Thru-Hole; 2 Leads; 0.3 in Pin Spacing"; VariantName = "[No Variations]"
Add component (AddParameter): Name = "PackageReference"; Value = "RAD-0.3"; VariantName = "[No Variations]"
Add component (AddParameter): Name = "Published"; Value = "8-Jun-2000"; VariantName = "[No Variations]"
Add component (AddParameter): Name = "Publisher"; Value = "Altium Limited"; VariantName = "[No Variations]"
Add component (AddParameter): Name = "Value"; Value = "10uF"; VariantName = "[No Variations]"
Added Component: Designator=C19(0603C)
Add component (AddParameter): Name = "LatestRevisionDate"; Value = "17-Jul-2002"; VariantName = "[No Variations]"
Add component (AddParameter): Name = "LatestRevisionNote"; Value = "Re-released for DXP Platform."; VariantName = "[No Variations]"
Add component (AddParameter): Name = "PackageDescription"; Value = "Radial Cap, Thru-Hole; 2 Leads; 0.3 in Pin Spacing"; VariantName = "[No Variations]"
Add component (AddParameter): Name = "PackageReference"; Value = "RAD-0.3"; VariantName = "[No Variations]"
Add component (AddParameter): Name = "Published"; Value = "8-Jun-2000"; VariantName = "[No Variations]"
Add component (AddParameter): Name = "Publisher"; Value = "Altium Limited"; VariantName = "[No Variations]"
Add component (AddParameter): Name = "Value"; Value = "10uF"; VariantName = "[No Variations]"
Added Component: Designator=C20(0603C)
Add component (AddParameter): Name = "LatestRevisionDate"; Value = "17-Jul-2002"; VariantName = "[No Variations]"
Add component (AddParameter): Name = "LatestRevisionNote"; Value = "Re-released for DXP Platform."; VariantName = "[No Variations]"
Add component (AddParameter): Name = "PackageDescription"; Value = "Radial Cap, Thru-Hole; 2 Leads; 0.3 in Pin Spacing"; VariantName = "[No Variations]"
Add component (AddParameter): Name = "PackageReference"; Value = "RAD-0.3"; VariantName = "[No Variations]"
Add component (AddParameter): Name = "Published"; Value = "8-Jun-2000"; VariantName = "[No Variations]"
Add component (AddParameter): Name = "Publisher"; Value = "Altium Limited"; VariantName = "[No Variations]"
Add component (AddParameter): Name = "Value"; Value = "10uF"; VariantName = "[No Variations]"
Added Component: Designator=D1(LED-0603G)
Add component (AddParameter): Name = "LatestRevisionDate"; Value = "08-Jul-2005"; VariantName = "[No Variations]"
Add component (AddParameter): Name = "LatestRevisionNote"; Value = "Mech Layer 1 removed."; VariantName = "[No Variations]"
Add component (AddParameter): Name = "PackageDescription"; Value = "LED; 2 Leads"; VariantName = "[No Variations]"
Add component (AddParameter): Name = "PackageReference"; Value = "LED-0"; VariantName = "[No Variations]"
Add component (AddParameter): Name = "Published"; Value = "8-Jun-2000"; VariantName = "[No Variations]"
Add component (AddParameter): Name = "Publisher"; Value = "Altium Limited"; VariantName = "[No Variations]"
Added Component: Designator=D2(LED-0603G)
Add component (AddParameter): Name = "LatestRevisionDate"; Value = "08-Jul-2005"; VariantName = "[No Variations]"
Add component (AddParameter): Name = "LatestRevisionNote"; Value = "Mech Layer 1 removed."; VariantName = "[No Variations]"
Add component (AddParameter): Name = "PackageDescription"; Value = "LED; 2 Leads"; VariantName = "[No Variations]"
Add component (AddParameter): Name = "PackageReference"; Value = "LED-0"; VariantName = "[No Variations]"
Add component (AddParameter): Name = "Published"; Value = "8-Jun-2000"; VariantName = "[No Variations]"
Add component (AddParameter): Name = "Publisher"; Value = "Altium Limited"; VariantName = "[No Variations]"
Added Component: Designator=D3(SMA/DO-214AC)
Add component (AddParameter): Name = "LatestRevisionDate"; Value = "17-Jul-2002"; VariantName = "[No Variations]"
Add component (AddParameter): Name = "LatestRevisionNote"; Value = "Re-released for DXP Platform."; VariantName = "[No Variations]"
Add component (AddParameter): Name = "PackageDescription"; Value = "Diode, Thru-Hole; 2 Leads; 0.7 in Pin Spacing"; VariantName = "[No Variations]"
Add component (AddParameter): Name = "PackageReference"; Value = "DIODE-0.7"; VariantName = "[No Variations]"
Add component (AddParameter): Name = "Published"; Value = "8-Jun-2000"; VariantName = "[No Variations]"
Add component (AddParameter): Name = "Publisher"; Value = "Altium Limited"; VariantName = "[No Variations]"
Added Component: Designator=D4(LED-0603G)
Add component (AddParameter): Name = "LatestRevisionDate"; Value = "08-Jul-2005"; VariantName = "[No Variations]"
Add component (AddParameter): Name = "LatestRevisionNote"; Value = "Mech Layer 1 removed."; VariantName = "[No Variations]"
Add component (AddParameter): Name = "PackageDescription"; Value = "LED; 2 Leads"; VariantName = "[No Variations]"
Add component (AddParameter): Name = "PackageReference"; Value = "LED-0"; VariantName = "[No Variations]"
Add component (AddParameter): Name = "Published"; Value = "8-Jun-2000"; VariantName = "[No Variations]"
Add component (AddParameter): Name = "Publisher"; Value = "Altium Limited"; VariantName = "[No Variations]"
Added Component: Designator=D5(LED-0603G)
Add component (AddParameter): Name = "LatestRevisionDate"; Value = "08-Jul-2005"; VariantName = "[No Variations]"
Add component (AddParameter): Name = "LatestRevisionNote"; Value = "Mech Layer 1 removed."; VariantName = "[No Variations]"
Add component (AddParameter): Name = "PackageDescription"; Value = "LED; 2 Leads"; VariantName = "[No Variations]"
Add component (AddParameter): Name = "PackageReference"; Value = "LED-0"; VariantName = "[No Variations]"
Add component (AddParameter): Name = "Published"; Value = "8-Jun-2000"; VariantName = "[No Variations]"
Add component (AddParameter): Name = "Publisher"; Value = "Altium Limited"; VariantName = "[No Variations]"
Added Component: Designator=D6(SMA/DO-214AC)
Add component (AddParameter): Name = "LatestRevisionDate"; Value = "17-Jul-2002"; VariantName = "[No Variations]"
Add component (AddParameter): Name = "LatestRevisionNote"; Value = "Re-released for DXP Platform."; VariantName = "[No Variations]"
Add component (AddParameter): Name = "PackageDescription"; Value = "Axial Lead Diode"; VariantName = "[No Variations]"
Add component (AddParameter): Name = "PackageReference"; Value = "DO-7"; VariantName = "[No Variations]"
Add component (AddParameter): Name = "Published"; Value = "24-Mar-1999"; VariantName = "[No Variations]"
Add component (AddParameter): Name = "Publisher"; Value = "Altium Limited"; VariantName = "[No Variations]"
Added Component: Designator=D7(SMA/DO-214AC)
Add component (AddParameter): Name = "LatestRevisionDate"; Value = "17-Jul-2002"; VariantName = "[No Variations]"
Add component (AddParameter): Name = "LatestRevisionNote"; Value = "Re-released for DXP Platform."; VariantName = "[No Variations]"
Add component (AddParameter): Name = "PackageDescription"; Value = "Axial Lead Diode"; VariantName = "[No Variations]"
Add component (AddParameter): Name = "PackageReference"; Value = "DO-7"; VariantName = "[No Variations]"
Add component (AddParameter): Name = "Published"; Value = "24-Mar-1999"; VariantName = "[No Variations]"
Add component (AddParameter): Name = "Publisher"; Value = "Altium Limited"; VariantName = "[No Variations]"
Added Component: Designator=D8(LED-0603G)
Added Component: Designator=D9(LED-0603G)
Added Component: Designator=DCDC1(SOT23-6)
Added Component: Designator=EC1(DIP-EC1.5X4X8)
Added Component: Designator=EC2(DIP-EC5.0X10X20)
Added Component: Designator=EC3(DIP-EC5.0X10X20)
Added Component: Designator=J1(Pin HDR1X3/2.54mm-S)
Added Component: Designator=J2(Pin HDR1X9/2.54mm-S)
Added Component: Designator=J3(Pin HDR1X4/2.54mm-S)
Added Component: Designator=J4(Pin HDR1X9/2.54mm-S)
Added Component: Designator=J5(MX1.25WS-4P)
Added Component: Designator=J6(MX1.25WS-4P)
Added Component: Designator=J7(Pin HDR1X3/2.54mm-W)
Added Component: Designator=J8(Pin HDR1X3/2.54mm-W)
Added Component: Designator=J9(Pin HDR1X3/2.54mm-W)
Added Component: Designator=K1(SMD-3X6X2.5)
Added Component: Designator=K2(SMD-3X6X2.5)
Added Component: Designator=K3(SMD-3X6X2.5)
Added Component: Designator=LDO1(SOT23-5)
Added Component: Designator=Module1(ATK-M750-V1.0)
Added Component: Designator=Q1(SOT-23)
Add component (AddParameter): Name = "Code_JEDEC"; Value = "TO-226-AA"; VariantName = "[No Variations]"
Add component (AddParameter): Name = "LatestRevisionDate"; Value = "17-Jul-2002"; VariantName = "[No Variations]"
Add component (AddParameter): Name = "LatestRevisionNote"; Value = "Re-released for DXP Platform."; VariantName = "[No Variations]"
Add component (AddParameter): Name = "PackageDescription"; Value = "TO, Flat Index; 3 In-Line, Axial Leads; Body Dia. 4.8mm; Leads 0.55 x 0.51 mm (max)"; VariantName = "[No Variations]"
Add component (AddParameter): Name = "PackageReference"; Value = "TO-226-AA"; VariantName = "[No Variations]"
Add component (AddParameter): Name = "Published"; Value = "8-Jun-2000"; VariantName = "[No Variations]"
Add component (AddParameter): Name = "Publisher"; Value = "Altium Limited"; VariantName = "[No Variations]"
Added Component: Designator=Q2(SOT-23)
Add component (AddParameter): Name = "Code_JEDEC"; Value = "TO-226-AA"; VariantName = "[No Variations]"
Add component (AddParameter): Name = "LatestRevisionDate"; Value = "17-Jul-2002"; VariantName = "[No Variations]"
Add component (AddParameter): Name = "LatestRevisionNote"; Value = "Re-released for DXP Platform."; VariantName = "[No Variations]"
Add component (AddParameter): Name = "PackageDescription"; Value = "TO, Flat Index; 3 In-Line, Axial Leads; Body Dia. 4.8mm; Leads 0.55 x 0.51 mm (max)"; VariantName = "[No Variations]"
Add component (AddParameter): Name = "PackageReference"; Value = "TO-226-AA"; VariantName = "[No Variations]"
Add component (AddParameter): Name = "Published"; Value = "8-Jun-2000"; VariantName = "[No Variations]"
Add component (AddParameter): Name = "Publisher"; Value = "Altium Limited"; VariantName = "[No Variations]"
Added Component: Designator=Q3(SOT-23)
Add component (AddParameter): Name = "Code_JEDEC"; Value = "TO-226-AA"; VariantName = "[No Variations]"
Add component (AddParameter): Name = "LatestRevisionDate"; Value = "17-Jul-2002"; VariantName = "[No Variations]"
Add component (AddParameter): Name = "LatestRevisionNote"; Value = "Re-released for DXP Platform."; VariantName = "[No Variations]"
Add component (AddParameter): Name = "PackageDescription"; Value = "TO, Flat Index; 3 In-Line, Axial Leads; Body Dia. 4.8mm; Leads 0.55 x 0.51 mm (max)"; VariantName = "[No Variations]"
Add component (AddParameter): Name = "PackageReference"; Value = "TO-226-AA"; VariantName = "[No Variations]"
Add component (AddParameter): Name = "Published"; Value = "8-Jun-2000"; VariantName = "[No Variations]"
Add component (AddParameter): Name = "Publisher"; Value = "Altium Limited"; VariantName = "[No Variations]"
Added Component: Designator=Q4(SOT-23)
Add component (AddParameter): Name = "Code_JEDEC"; Value = "TO-226-AA"; VariantName = "[No Variations]"
Add component (AddParameter): Name = "LatestRevisionDate"; Value = "17-Jul-2002"; VariantName = "[No Variations]"
Add component (AddParameter): Name = "LatestRevisionNote"; Value = "Re-released for DXP Platform."; VariantName = "[No Variations]"
Add component (AddParameter): Name = "PackageDescription"; Value = "TO, Flat Index; 3 In-Line, Axial Leads; Body Dia. 4.8mm; Leads 0.55 x 0.51 mm (max)"; VariantName = "[No Variations]"
Add component (AddParameter): Name = "PackageReference"; Value = "TO-226-AA"; VariantName = "[No Variations]"
Add component (AddParameter): Name = "Published"; Value = "8-Jun-2000"; VariantName = "[No Variations]"
Add component (AddParameter): Name = "Publisher"; Value = "Altium Limited"; VariantName = "[No Variations]"
Added Component: Designator=R1(0603R)
Add component (AddParameter): Name = "LatestRevisionDate"; Value = "17-Jul-2002"; VariantName = "[No Variations]"
Add component (AddParameter): Name = "LatestRevisionNote"; Value = "Re-released for DXP Platform."; VariantName = "[No Variations]"
Add component (AddParameter): Name = "PackageDescription"; Value = "Axial Device, Thru-Hole; 2 Leads; 0.4 in Pin Spacing"; VariantName = "[No Variations]"
Add component (AddParameter): Name = "PackageReference"; Value = "AXIAL-0.4"; VariantName = "[No Variations]"
Add component (AddParameter): Name = "Published"; Value = "8-Jun-2000"; VariantName = "[No Variations]"
Add component (AddParameter): Name = "Publisher"; Value = "Altium Limited"; VariantName = "[No Variations]"
Add component (AddParameter): Name = "Value"; Value = "700"; VariantName = "[No Variations]"
Added Component: Designator=R2(0603R)
Add component (AddParameter): Name = "LatestRevisionDate"; Value = "17-Jul-2002"; VariantName = "[No Variations]"
Add component (AddParameter): Name = "LatestRevisionNote"; Value = "Re-released for DXP Platform."; VariantName = "[No Variations]"
Add component (AddParameter): Name = "PackageDescription"; Value = "Axial Device, Thru-Hole; 2 Leads; 0.4 in Pin Spacing"; VariantName = "[No Variations]"
Add component (AddParameter): Name = "PackageReference"; Value = "AXIAL-0.4"; VariantName = "[No Variations]"
Add component (AddParameter): Name = "Published"; Value = "8-Jun-2000"; VariantName = "[No Variations]"
Add component (AddParameter): Name = "Publisher"; Value = "Altium Limited"; VariantName = "[No Variations]"
Add component (AddParameter): Name = "Value"; Value = "700"; VariantName = "[No Variations]"
Added Component: Designator=R3(0603R)
Add component (AddParameter): Name = "LatestRevisionDate"; Value = "17-Jul-2002"; VariantName = "[No Variations]"
Add component (AddParameter): Name = "LatestRevisionNote"; Value = "Re-released for DXP Platform."; VariantName = "[No Variations]"
Add component (AddParameter): Name = "PackageDescription"; Value = "Axial Device, Thru-Hole; 2 Leads; 0.4 in Pin Spacing"; VariantName = "[No Variations]"
Add component (AddParameter): Name = "PackageReference"; Value = "AXIAL-0.4"; VariantName = "[No Variations]"
Add component (AddParameter): Name = "Published"; Value = "8-Jun-2000"; VariantName = "[No Variations]"
Add component (AddParameter): Name = "Publisher"; Value = "Altium Limited"; VariantName = "[No Variations]"
Add component (AddParameter): Name = "Value"; Value = "47K"; VariantName = "[No Variations]"
Added Component: Designator=R4(0603R)
Add component (AddParameter): Name = "LatestRevisionDate"; Value = "17-Jul-2002"; VariantName = "[No Variations]"
Add component (AddParameter): Name = "LatestRevisionNote"; Value = "Re-released for DXP Platform."; VariantName = "[No Variations]"
Add component (AddParameter): Name = "PackageDescription"; Value = "Axial Device, Thru-Hole; 2 Leads; 0.4 in Pin Spacing"; VariantName = "[No Variations]"
Add component (AddParameter): Name = "PackageReference"; Value = "AXIAL-0.4"; VariantName = "[No Variations]"
Add component (AddParameter): Name = "Published"; Value = "8-Jun-2000"; VariantName = "[No Variations]"
Add component (AddParameter): Name = "Publisher"; Value = "Altium Limited"; VariantName = "[No Variations]"
Add component (AddParameter): Name = "Value"; Value = "150K"; VariantName = "[No Variations]"
Added Component: Designator=R5(0603R)
Add component (AddParameter): Name = "LatestRevisionDate"; Value = "17-Jul-2002"; VariantName = "[No Variations]"
Add component (AddParameter): Name = "LatestRevisionNote"; Value = "Re-released for DXP Platform."; VariantName = "[No Variations]"
Add component (AddParameter): Name = "PackageDescription"; Value = "Axial Device, Thru-Hole; 2 Leads; 0.4 in Pin Spacing"; VariantName = "[No Variations]"
Add component (AddParameter): Name = "PackageReference"; Value = "AXIAL-0.4"; VariantName = "[No Variations]"
Add component (AddParameter): Name = "Published"; Value = "8-Jun-2000"; VariantName = "[No Variations]"
Add component (AddParameter): Name = "Publisher"; Value = "Altium Limited"; VariantName = "[No Variations]"
Add component (AddParameter): Name = "Value"; Value = "1K"; VariantName = "[No Variations]"
Added Component: Designator=R6(0603R)
Add component (AddParameter): Name = "LatestRevisionDate"; Value = "17-Jul-2002"; VariantName = "[No Variations]"
Add component (AddParameter): Name = "LatestRevisionNote"; Value = "Re-released for DXP Platform."; VariantName = "[No Variations]"
Add component (AddParameter): Name = "PackageDescription"; Value = "Axial Device, Thru-Hole; 2 Leads; 0.4 in Pin Spacing"; VariantName = "[No Variations]"
Add component (AddParameter): Name = "PackageReference"; Value = "AXIAL-0.4"; VariantName = "[No Variations]"
Add component (AddParameter): Name = "Published"; Value = "8-Jun-2000"; VariantName = "[No Variations]"
Add component (AddParameter): Name = "Publisher"; Value = "Altium Limited"; VariantName = "[No Variations]"
Add component (AddParameter): Name = "Value"; Value = "1K"; VariantName = "[No Variations]"
Added Component: Designator=R7(0603R)
Add component (AddParameter): Name = "LatestRevisionDate"; Value = "17-Jul-2002"; VariantName = "[No Variations]"
Add component (AddParameter): Name = "LatestRevisionNote"; Value = "Re-released for DXP Platform."; VariantName = "[No Variations]"
Add component (AddParameter): Name = "PackageDescription"; Value = "Axial Device, Thru-Hole; 2 Leads; 0.4 in Pin Spacing"; VariantName = "[No Variations]"
Add component (AddParameter): Name = "PackageReference"; Value = "AXIAL-0.4"; VariantName = "[No Variations]"
Add component (AddParameter): Name = "Published"; Value = "8-Jun-2000"; VariantName = "[No Variations]"
Add component (AddParameter): Name = "Publisher"; Value = "Altium Limited"; VariantName = "[No Variations]"
Add component (AddParameter): Name = "Value"; Value = "24K"; VariantName = "[No Variations]"
Added Component: Designator=R8(0603R)
Add component (AddParameter): Name = "LatestRevisionDate"; Value = "17-Jul-2002"; VariantName = "[No Variations]"
Add component (AddParameter): Name = "LatestRevisionNote"; Value = "Re-released for DXP Platform."; VariantName = "[No Variations]"
Add component (AddParameter): Name = "PackageDescription"; Value = "Axial Device, Thru-Hole; 2 Leads; 0.4 in Pin Spacing"; VariantName = "[No Variations]"
Add component (AddParameter): Name = "PackageReference"; Value = "AXIAL-0.4"; VariantName = "[No Variations]"
Add component (AddParameter): Name = "Published"; Value = "8-Jun-2000"; VariantName = "[No Variations]"
Add component (AddParameter): Name = "Publisher"; Value = "Altium Limited"; VariantName = "[No Variations]"
Add component (AddParameter): Name = "Value"; Value = "10K"; VariantName = "[No Variations]"
Added Component: Designator=R9(0603R)
Add component (AddParameter): Name = "LatestRevisionDate"; Value = "17-Jul-2002"; VariantName = "[No Variations]"
Add component (AddParameter): Name = "LatestRevisionNote"; Value = "Re-released for DXP Platform."; VariantName = "[No Variations]"
Add component (AddParameter): Name = "PackageDescription"; Value = "Axial Device, Thru-Hole; 2 Leads; 0.4 in Pin Spacing"; VariantName = "[No Variations]"
Add component (AddParameter): Name = "PackageReference"; Value = "AXIAL-0.4"; VariantName = "[No Variations]"
Add component (AddParameter): Name = "Published"; Value = "8-Jun-2000"; VariantName = "[No Variations]"
Add component (AddParameter): Name = "Publisher"; Value = "Altium Limited"; VariantName = "[No Variations]"
Add component (AddParameter): Name = "Value"; Value = "10K"; VariantName = "[No Variations]"
Added Component: Designator=R10(0603R)
Add component (AddParameter): Name = "LatestRevisionDate"; Value = "17-Jul-2002"; VariantName = "[No Variations]"
Add component (AddParameter): Name = "LatestRevisionNote"; Value = "Re-released for DXP Platform."; VariantName = "[No Variations]"
Add component (AddParameter): Name = "PackageDescription"; Value = "Axial Device, Thru-Hole; 2 Leads; 0.4 in Pin Spacing"; VariantName = "[No Variations]"
Add component (AddParameter): Name = "PackageReference"; Value = "AXIAL-0.4"; VariantName = "[No Variations]"
Add component (AddParameter): Name = "Published"; Value = "8-Jun-2000"; VariantName = "[No Variations]"
Add component (AddParameter): Name = "Publisher"; Value = "Altium Limited"; VariantName = "[No Variations]"
Add component (AddParameter): Name = "Value"; Value = "150K"; VariantName = "[No Variations]"
Added Component: Designator=R11(0603R)
Add component (AddParameter): Name = "LatestRevisionDate"; Value = "17-Jul-2002"; VariantName = "[No Variations]"
Add component (AddParameter): Name = "LatestRevisionNote"; Value = "Re-released for DXP Platform."; VariantName = "[No Variations]"
Add component (AddParameter): Name = "PackageDescription"; Value = "Axial Device, Thru-Hole; 2 Leads; 0.4 in Pin Spacing"; VariantName = "[No Variations]"
Add component (AddParameter): Name = "PackageReference"; Value = "AXIAL-0.4"; VariantName = "[No Variations]"
Add component (AddParameter): Name = "Published"; Value = "8-Jun-2000"; VariantName = "[No Variations]"
Add component (AddParameter): Name = "Publisher"; Value = "Altium Limited"; VariantName = "[No Variations]"
Add component (AddParameter): Name = "Value"; Value = "700"; VariantName = "[No Variations]"
Added Component: Designator=R12(0603R)
Add component (AddParameter): Name = "LatestRevisionDate"; Value = "17-Jul-2002"; VariantName = "[No Variations]"
Add component (AddParameter): Name = "LatestRevisionNote"; Value = "Re-released for DXP Platform."; VariantName = "[No Variations]"
Add component (AddParameter): Name = "PackageDescription"; Value = "Axial Device, Thru-Hole; 2 Leads; 0.4 in Pin Spacing"; VariantName = "[No Variations]"
Add component (AddParameter): Name = "PackageReference"; Value = "AXIAL-0.4"; VariantName = "[No Variations]"
Add component (AddParameter): Name = "Published"; Value = "8-Jun-2000"; VariantName = "[No Variations]"
Add component (AddParameter): Name = "Publisher"; Value = "Altium Limited"; VariantName = "[No Variations]"
Add component (AddParameter): Name = "Value"; Value = "700"; VariantName = "[No Variations]"
Added Component: Designator=R13(0603R)
Add component (AddParameter): Name = "LatestRevisionDate"; Value = "17-Jul-2002"; VariantName = "[No Variations]"
Add component (AddParameter): Name = "LatestRevisionNote"; Value = "Re-released for DXP Platform."; VariantName = "[No Variations]"
Add component (AddParameter): Name = "PackageDescription"; Value = "Axial Device, Thru-Hole; 2 Leads; 0.4 in Pin Spacing"; VariantName = "[No Variations]"
Add component (AddParameter): Name = "PackageReference"; Value = "AXIAL-0.4"; VariantName = "[No Variations]"
Add component (AddParameter): Name = "Published"; Value = "8-Jun-2000"; VariantName = "[No Variations]"
Add component (AddParameter): Name = "Publisher"; Value = "Altium Limited"; VariantName = "[No Variations]"
Add component (AddParameter): Name = "Value"; Value = "0"; VariantName = "[No Variations]"
Added Component: Designator=R14(0603R)
Add component (AddParameter): Name = "LatestRevisionDate"; Value = "17-Jul-2002"; VariantName = "[No Variations]"
Add component (AddParameter): Name = "LatestRevisionNote"; Value = "Re-released for DXP Platform."; VariantName = "[No Variations]"
Add component (AddParameter): Name = "PackageDescription"; Value = "Axial Device, Thru-Hole; 2 Leads; 0.4 in Pin Spacing"; VariantName = "[No Variations]"
Add component (AddParameter): Name = "PackageReference"; Value = "AXIAL-0.4"; VariantName = "[No Variations]"
Add component (AddParameter): Name = "Published"; Value = "8-Jun-2000"; VariantName = "[No Variations]"
Add component (AddParameter): Name = "Publisher"; Value = "Altium Limited"; VariantName = "[No Variations]"
Add component (AddParameter): Name = "Value"; Value = "0"; VariantName = "[No Variations]"
Added Component: Designator=R15(0603R)
Add component (AddParameter): Name = "LatestRevisionDate"; Value = "17-Jul-2002"; VariantName = "[No Variations]"
Add component (AddParameter): Name = "LatestRevisionNote"; Value = "Re-released for DXP Platform."; VariantName = "[No Variations]"
Add component (AddParameter): Name = "PackageDescription"; Value = "Axial Device, Thru-Hole; 2 Leads; 0.4 in Pin Spacing"; VariantName = "[No Variations]"
Add component (AddParameter): Name = "PackageReference"; Value = "AXIAL-0.4"; VariantName = "[No Variations]"
Add component (AddParameter): Name = "Published"; Value = "8-Jun-2000"; VariantName = "[No Variations]"
Add component (AddParameter): Name = "Publisher"; Value = "Altium Limited"; VariantName = "[No Variations]"
Add component (AddParameter): Name = "Value"; Value = "150K"; VariantName = "[No Variations]"
Added Component: Designator=R16(0603R)
Add component (AddParameter): Name = "LatestRevisionDate"; Value = "17-Jul-2002"; VariantName = "[No Variations]"
Add component (AddParameter): Name = "LatestRevisionNote"; Value = "Re-released for DXP Platform."; VariantName = "[No Variations]"
Add component (AddParameter): Name = "PackageDescription"; Value = "Axial Device, Thru-Hole; 2 Leads; 0.4 in Pin Spacing"; VariantName = "[No Variations]"
Add component (AddParameter): Name = "PackageReference"; Value = "AXIAL-0.4"; VariantName = "[No Variations]"
Add component (AddParameter): Name = "Published"; Value = "8-Jun-2000"; VariantName = "[No Variations]"
Add component (AddParameter): Name = "Publisher"; Value = "Altium Limited"; VariantName = "[No Variations]"
Add component (AddParameter): Name = "Value"; Value = "10K"; VariantName = "[No Variations]"
Added Component: Designator=R17(0603R)
Add component (AddParameter): Name = "LatestRevisionDate"; Value = "17-Jul-2002"; VariantName = "[No Variations]"
Add component (AddParameter): Name = "LatestRevisionNote"; Value = "Re-released for DXP Platform."; VariantName = "[No Variations]"
Add component (AddParameter): Name = "PackageDescription"; Value = "Axial Device, Thru-Hole; 2 Leads; 0.4 in Pin Spacing"; VariantName = "[No Variations]"
Add component (AddParameter): Name = "PackageReference"; Value = "AXIAL-0.4"; VariantName = "[No Variations]"
Add component (AddParameter): Name = "Published"; Value = "8-Jun-2000"; VariantName = "[No Variations]"
Add component (AddParameter): Name = "Publisher"; Value = "Altium Limited"; VariantName = "[No Variations]"
Add component (AddParameter): Name = "Value"; Value = "1K"; VariantName = "[No Variations]"
Added Component: Designator=R18(0603R)
Add component (AddParameter): Name = "LatestRevisionDate"; Value = "17-Jul-2002"; VariantName = "[No Variations]"
Add component (AddParameter): Name = "LatestRevisionNote"; Value = "Re-released for DXP Platform."; VariantName = "[No Variations]"
Add component (AddParameter): Name = "PackageDescription"; Value = "Axial Device, Thru-Hole; 2 Leads; 0.4 in Pin Spacing"; VariantName = "[No Variations]"
Add component (AddParameter): Name = "PackageReference"; Value = "AXIAL-0.4"; VariantName = "[No Variations]"
Add component (AddParameter): Name = "Published"; Value = "8-Jun-2000"; VariantName = "[No Variations]"
Add component (AddParameter): Name = "Publisher"; Value = "Altium Limited"; VariantName = "[No Variations]"
Add component (AddParameter): Name = "Value"; Value = "1K"; VariantName = "[No Variations]"
Added Component: Designator=R19(0603R)
Add component (AddParameter): Name = "LatestRevisionDate"; Value = "17-Jul-2002"; VariantName = "[No Variations]"
Add component (AddParameter): Name = "LatestRevisionNote"; Value = "Re-released for DXP Platform."; VariantName = "[No Variations]"
Add component (AddParameter): Name = "PackageDescription"; Value = "Axial Device, Thru-Hole; 2 Leads; 0.4 in Pin Spacing"; VariantName = "[No Variations]"
Add component (AddParameter): Name = "PackageReference"; Value = "AXIAL-0.4"; VariantName = "[No Variations]"
Add component (AddParameter): Name = "Published"; Value = "8-Jun-2000"; VariantName = "[No Variations]"
Add component (AddParameter): Name = "Publisher"; Value = "Altium Limited"; VariantName = "[No Variations]"
Add component (AddParameter): Name = "Value"; Value = "10K"; VariantName = "[No Variations]"
Added Component: Designator=R20(0603R)
Add component (AddParameter): Name = "LatestRevisionDate"; Value = "17-Jul-2002"; VariantName = "[No Variations]"
Add component (AddParameter): Name = "LatestRevisionNote"; Value = "Re-released for DXP Platform."; VariantName = "[No Variations]"
Add component (AddParameter): Name = "PackageDescription"; Value = "Axial Device, Thru-Hole; 2 Leads; 0.4 in Pin Spacing"; VariantName = "[No Variations]"
Add component (AddParameter): Name = "PackageReference"; Value = "AXIAL-0.4"; VariantName = "[No Variations]"
Add component (AddParameter): Name = "Published"; Value = "8-Jun-2000"; VariantName = "[No Variations]"
Add component (AddParameter): Name = "Publisher"; Value = "Altium Limited"; VariantName = "[No Variations]"
Add component (AddParameter): Name = "Value"; Value = "10K"; VariantName = "[No Variations]"
Added Component: Designator=R21(0603R)
Add component (AddParameter): Name = "LatestRevisionDate"; Value = "17-Jul-2002"; VariantName = "[No Variations]"
Add component (AddParameter): Name = "LatestRevisionNote"; Value = "Re-released for DXP Platform."; VariantName = "[No Variations]"
Add component (AddParameter): Name = "PackageDescription"; Value = "Axial Device, Thru-Hole; 2 Leads; 0.4 in Pin Spacing"; VariantName = "[No Variations]"
Add component (AddParameter): Name = "PackageReference"; Value = "AXIAL-0.4"; VariantName = "[No Variations]"
Add component (AddParameter): Name = "Published"; Value = "8-Jun-2000"; VariantName = "[No Variations]"
Add component (AddParameter): Name = "Publisher"; Value = "Altium Limited"; VariantName = "[No Variations]"
Add component (AddParameter): Name = "Value"; Value = "150K"; VariantName = "[No Variations]"
Added Component: Designator=R22(0603R)
Add component (AddParameter): Name = "LatestRevisionDate"; Value = "17-Jul-2002"; VariantName = "[No Variations]"
Add component (AddParameter): Name = "LatestRevisionNote"; Value = "Re-released for DXP Platform."; VariantName = "[No Variations]"
Add component (AddParameter): Name = "PackageDescription"; Value = "Axial Device, Thru-Hole; 2 Leads; 0.4 in Pin Spacing"; VariantName = "[No Variations]"
Add component (AddParameter): Name = "PackageReference"; Value = "AXIAL-0.4"; VariantName = "[No Variations]"
Add component (AddParameter): Name = "Published"; Value = "8-Jun-2000"; VariantName = "[No Variations]"
Add component (AddParameter): Name = "Publisher"; Value = "Altium Limited"; VariantName = "[No Variations]"
Add component (AddParameter): Name = "Value"; Value = "150K"; VariantName = "[No Variations]"
Added Component: Designator=R23(0603R)
Add component (AddParameter): Name = "LatestRevisionDate"; Value = "17-Jul-2002"; VariantName = "[No Variations]"
Add component (AddParameter): Name = "LatestRevisionNote"; Value = "Re-released for DXP Platform."; VariantName = "[No Variations]"
Add component (AddParameter): Name = "PackageDescription"; Value = "Axial Device, Thru-Hole; 2 Leads; 0.4 in Pin Spacing"; VariantName = "[No Variations]"
Add component (AddParameter): Name = "PackageReference"; Value = "AXIAL-0.4"; VariantName = "[No Variations]"
Add component (AddParameter): Name = "Published"; Value = "8-Jun-2000"; VariantName = "[No Variations]"
Add component (AddParameter): Name = "Publisher"; Value = "Altium Limited"; VariantName = "[No Variations]"
Add component (AddParameter): Name = "Value"; Value = "0"; VariantName = "[No Variations]"
Added Component: Designator=R24(0603R)
Add component (AddParameter): Name = "LatestRevisionDate"; Value = "17-Jul-2002"; VariantName = "[No Variations]"
Add component (AddParameter): Name = "LatestRevisionNote"; Value = "Re-released for DXP Platform."; VariantName = "[No Variations]"
Add component (AddParameter): Name = "PackageDescription"; Value = "Axial Device, Thru-Hole; 2 Leads; 0.4 in Pin Spacing"; VariantName = "[No Variations]"
Add component (AddParameter): Name = "PackageReference"; Value = "AXIAL-0.4"; VariantName = "[No Variations]"
Add component (AddParameter): Name = "Published"; Value = "8-Jun-2000"; VariantName = "[No Variations]"
Add component (AddParameter): Name = "Publisher"; Value = "Altium Limited"; VariantName = "[No Variations]"
Add component (AddParameter): Name = "Value"; Value = "0"; VariantName = "[No Variations]"
Added Component: Designator=R25(0603R)
Add component (AddParameter): Name = "LatestRevisionDate"; Value = "17-Jul-2002"; VariantName = "[No Variations]"
Add component (AddParameter): Name = "LatestRevisionNote"; Value = "Re-released for DXP Platform."; VariantName = "[No Variations]"
Add component (AddParameter): Name = "PackageDescription"; Value = "Axial Device, Thru-Hole; 2 Leads; 0.4 in Pin Spacing"; VariantName = "[No Variations]"
Add component (AddParameter): Name = "PackageReference"; Value = "AXIAL-0.4"; VariantName = "[No Variations]"
Add component (AddParameter): Name = "Published"; Value = "8-Jun-2000"; VariantName = "[No Variations]"
Add component (AddParameter): Name = "Publisher"; Value = "Altium Limited"; VariantName = "[No Variations]"
Add component (AddParameter): Name = "Value"; Value = "10K"; VariantName = "[No Variations]"
Added Component: Designator=R26(0603R)
Add component (AddParameter): Name = "LatestRevisionDate"; Value = "17-Jul-2002"; VariantName = "[No Variations]"
Add component (AddParameter): Name = "LatestRevisionNote"; Value = "Re-released for DXP Platform."; VariantName = "[No Variations]"
Add component (AddParameter): Name = "PackageDescription"; Value = "Axial Device, Thru-Hole; 2 Leads; 0.4 in Pin Spacing"; VariantName = "[No Variations]"
Add component (AddParameter): Name = "PackageReference"; Value = "AXIAL-0.4"; VariantName = "[No Variations]"
Add component (AddParameter): Name = "Published"; Value = "8-Jun-2000"; VariantName = "[No Variations]"
Add component (AddParameter): Name = "Publisher"; Value = "Altium Limited"; VariantName = "[No Variations]"
Add component (AddParameter): Name = "Value"; Value = "10K"; VariantName = "[No Variations]"
Added Component: Designator=U1(QFP50P1600X1600X160-100N)
Added Component: Designator=USB1(USB-MICRO_D)
Added Component: Designator=X1(OSC 3225-4P)
Added Component: Designator=XH1(XH2/2.54mm/90)
Added Component: Designator=XH2(XH2/2.54mm/90)
Added Pin To Net: NetName=NetC1_1 Pin=C1-1
Added Pin To Net: NetName=NetC1_2 Pin=C1-2
Added Pin To Net: NetName=GND Pin=C2-1
Added Pin To Net: NetName=BAT Pin=C2-2
Added Pin To Net: NetName=GND Pin=C3-1
Added Pin To Net: NetName=5V Pin=C3-2
Added Pin To Net: NetName=GND Pin=C4-1
Added Pin To Net: NetName=5V Pin=C4-2
Added Pin To Net: NetName=GND Pin=C5-1
Added Pin To Net: NetName=5V Pin=C5-2
Added Pin To Net: NetName=GNDA Pin=C6-1
Added Pin To Net: NetName=5V Pin=C6-2
Added Pin To Net: NetName=GNDA Pin=C7-1
Added Pin To Net: NetName=3V3A Pin=C7-2
Added Pin To Net: NetName=GNDA Pin=C8-1
Added Pin To Net: NetName=4G-RST Pin=C8-2
Added Pin To Net: NetName=OSC_A Pin=C9-1
Added Pin To Net: NetName=GND Pin=C9-2
Added Pin To Net: NetName=GND Pin=C10-1
Added Pin To Net: NetName=OSC_B Pin=C10-2
Added Pin To Net: NetName=GND Pin=C11-1
Added Pin To Net: NetName=NetC11_2 Pin=C11-2
Added Pin To Net: NetName=GND Pin=C12-1
Added Pin To Net: NetName=RST Pin=C12-2
Added Pin To Net: NetName=GND Pin=C13-1
Added Pin To Net: NetName=KEY Pin=C13-2
Added Pin To Net: NetName=GND Pin=C14-1
Added Pin To Net: NetName=NetC14_2 Pin=C14-2
Added Pin To Net: NetName=GNDA Pin=C15-1
Added Pin To Net: NetName=3V3A Pin=C15-2
Added Pin To Net: NetName=GND Pin=C16-1
Added Pin To Net: NetName=3V3 Pin=C16-2
Added Pin To Net: NetName=GND Pin=C17-1
Added Pin To Net: NetName=3V3 Pin=C17-2
Added Pin To Net: NetName=GND Pin=C18-1
Added Pin To Net: NetName=3V3 Pin=C18-2
Added Pin To Net: NetName=GND Pin=C19-1
Added Pin To Net: NetName=3V3 Pin=C19-2
Added Pin To Net: NetName=GND Pin=C20-1
Added Pin To Net: NetName=3V3 Pin=C20-2
Added Pin To Net: NetName=GND Pin=D3-A
Added Pin To Net: NetName=NetC1_2 Pin=D3-K
Added Pin To Net: NetName=3V3 Pin=D8-A
Added Pin To Net: NetName=NetD8_K Pin=D8-K
Added Pin To Net: NetName=3V3 Pin=D9-A
Added Pin To Net: NetName=NetD9_K Pin=D9-K
Added Pin To Net: NetName=NetC1_1 Pin=DCDC1-1
Added Pin To Net: NetName=GND Pin=DCDC1-2
Added Pin To Net: NetName=NetDCDC1_3 Pin=DCDC1-3
Added Pin To Net: NetName=NetDCDC1_4 Pin=DCDC1-4
Added Pin To Net: NetName=BAT Pin=DCDC1-5
Added Pin To Net: NetName=NetC1_2 Pin=DCDC1-6
Added Pin To Net: NetName=BAT Pin=EC1-1
Added Pin To Net: NetName=GNDA Pin=EC1-2
Added Pin To Net: NetName=BAT Pin=EC2-1
Added Pin To Net: NetName=GNDA Pin=EC2-2
Added Pin To Net: NetName=BAT Pin=EC3-1
Added Pin To Net: NetName=GNDA Pin=EC3-2
Added Pin To Net: NetName=4G-TX Pin=J1-1
Added Pin To Net: NetName=GNDA Pin=J1-2
Added Pin To Net: NetName=4G-RX Pin=J1-3
Added Pin To Net: NetName=GND Pin=J2-1
Added Pin To Net: NetName=RC_OUT6 Pin=J2-2
Added Pin To Net: NetName=RC_OUT5 Pin=J2-3
Added Pin To Net: NetName=RC_OUT4 Pin=J2-4
Added Pin To Net: NetName=RC_OUT3 Pin=J2-5
Added Pin To Net: NetName=RC_OUT2 Pin=J2-6
Added Pin To Net: NetName=RC_OUT1 Pin=J2-7
Added Pin To Net: NetName=5V Pin=J2-8
Added Pin To Net: NetName=GND Pin=J2-9
Added Pin To Net: NetName=GND Pin=J3-1
Added Pin To Net: NetName=SPF_ROLL Pin=J3-2
Added Pin To Net: NetName=SPF_PITCH Pin=J3-3
Added Pin To Net: NetName=GND Pin=J3-4
Added Pin To Net: NetName=GND Pin=J4-1
Added Pin To Net: NetName=RC_IN6 Pin=J4-2
Added Pin To Net: NetName=RC_IN5 Pin=J4-3
Added Pin To Net: NetName=RC_IN4 Pin=J4-4
Added Pin To Net: NetName=RC_IN3 Pin=J4-5
Added Pin To Net: NetName=RC_IN2 Pin=J4-6
Added Pin To Net: NetName=RC_IN1 Pin=J4-7
Added Pin To Net: NetName=5V Pin=J4-8
Added Pin To Net: NetName=GND Pin=J4-9
Added Pin To Net: NetName=GNDA Pin=J5-1
Added Pin To Net: NetName=FLOW_SDA Pin=J5-2
Added Pin To Net: NetName=FLOW_SCL Pin=J5-3
Added Pin To Net: NetName=5V Pin=J5-4
Added Pin To Net: NetName=GNDA Pin=J6-1
Added Pin To Net: NetName=FLOW_SDA Pin=J6-2
Added Pin To Net: NetName=FLOW_SCL Pin=J6-3
Added Pin To Net: NetName=PC_TX Pin=J7-1
Added Pin To Net: NetName=GNDA Pin=J7-2
Added Pin To Net: NetName=PC_RX Pin=J7-3
Added Pin To Net: NetName=IMU_TX Pin=J8-1
Added Pin To Net: NetName=GNDA Pin=J8-2
Added Pin To Net: NetName=IMU_RX Pin=J8-3
Added Pin To Net: NetName=BK_TX Pin=J9-1
Added Pin To Net: NetName=GNDA Pin=J9-2
Added Pin To Net: NetName=BK_RX Pin=J9-3
Added Pin To Net: NetName=GND Pin=K1-1
Added Pin To Net: NetName=RST Pin=K1-3
Added Pin To Net: NetName=GND Pin=K2-1
Added Pin To Net: NetName=KEY Pin=K2-3
Added Pin To Net: NetName=GNDA Pin=K3-3
Added Pin To Net: NetName=5V Pin=LDO1-1
Added Pin To Net: NetName=GNDA Pin=LDO1-2
Added Pin To Net: NetName=5V Pin=LDO1-3
Added Pin To Net: NetName=3V3A Pin=LDO1-5
Added Pin To Net: NetName=4G-TX Pin=Module1-1
Added Pin To Net: NetName=4G-RX Pin=Module1-2
Added Pin To Net: NetName=4G_-LINK1 Pin=Module1-3
Added Pin To Net: NetName=4G_-LINK2 Pin=Module1-4
Added Pin To Net: NetName=4G_-LINK3 Pin=Module1-5
Added Pin To Net: NetName=4G_-LINK4 Pin=Module1-6
Added Pin To Net: NetName=4G-RST Pin=Module1-7
Added Pin To Net: NetName=USB+ Pin=Module1-14
Added Pin To Net: NetName=USB- Pin=Module1-15
Added Pin To Net: NetName=GNDA Pin=Module1-16
Added Pin To Net: NetName=GNDA Pin=Module1-17
Added Pin To Net: NetName=BAT Pin=Module1-18
Added Pin To Net: NetName=BAT Pin=Module1-19
Added Pin To Net: NetName=NetQ1_2 Pin=Q1-B
Added Pin To Net: NetName=NetD1_2 Pin=Q1-C
Added Pin To Net: NetName=GNDA Pin=Q1-E
Added Pin To Net: NetName=NetQ2_2 Pin=Q2-B
Added Pin To Net: NetName=NetD2_2 Pin=Q2-C
Added Pin To Net: NetName=GNDA Pin=Q2-E
Added Pin To Net: NetName=NetQ3_2 Pin=Q3-B
Added Pin To Net: NetName=NetD4_2 Pin=Q3-C
Added Pin To Net: NetName=GNDA Pin=Q3-E
Added Pin To Net: NetName=NetQ4_2 Pin=Q4-B
Added Pin To Net: NetName=NetD5_2 Pin=Q4-C
Added Pin To Net: NetName=GNDA Pin=Q4-E
Added Pin To Net: NetName=NetD1_1 Pin=R1-1
Added Pin To Net: NetName=5V Pin=R1-2
Added Pin To Net: NetName=NetD2_1 Pin=R2-1
Added Pin To Net: NetName=5V Pin=R2-2
Added Pin To Net: NetName=BAT Pin=R3-1
Added Pin To Net: NetName=NetDCDC1_4 Pin=R3-2
Added Pin To Net: NetName=NetDCDC1_3 Pin=R4-1
Added Pin To Net: NetName=5V Pin=R4-2
Added Pin To Net: NetName=NetQ1_2 Pin=R5-1
Added Pin To Net: NetName=4G_-LINK2 Pin=R5-2
Added Pin To Net: NetName=NetQ2_2 Pin=R6-1
Added Pin To Net: NetName=4G_-LINK1 Pin=R6-2
Added Pin To Net: NetName=GND Pin=R7-1
Added Pin To Net: NetName=NetDCDC1_3 Pin=R7-2
Added Pin To Net: NetName=NetQ1_2 Pin=R8-1
Added Pin To Net: NetName=GNDA Pin=R8-2
Added Pin To Net: NetName=NetQ2_2 Pin=R9-1
Added Pin To Net: NetName=GNDA Pin=R9-2
Added Pin To Net: NetName=BAT_OPA Pin=R10-1
Added Pin To Net: NetName=BAT Pin=R10-2
Added Pin To Net: NetName=NetD4_1 Pin=R11-1
Added Pin To Net: NetName=5V Pin=R11-2
Added Pin To Net: NetName=NetD5_1 Pin=R12-1
Added Pin To Net: NetName=5V Pin=R12-2
Added Pin To Net: NetName=NetD6_2 Pin=R13-1
Added Pin To Net: NetName=USB- Pin=R13-2
Added Pin To Net: NetName=NetD7_2 Pin=R14-1
Added Pin To Net: NetName=USB+ Pin=R14-2
Added Pin To Net: NetName=GNDA Pin=R15-1
Added Pin To Net: NetName=BAT_OPA Pin=R15-2
Added Pin To Net: NetName=4G-RST Pin=R16-1
Added Pin To Net: NetName=3V3A Pin=R16-2
Added Pin To Net: NetName=NetQ3_2 Pin=R17-1
Added Pin To Net: NetName=4G_-LINK3 Pin=R17-2
Added Pin To Net: NetName=NetQ4_2 Pin=R18-1
Added Pin To Net: NetName=4G_-LINK4 Pin=R18-2
Added Pin To Net: NetName=NetQ3_2 Pin=R19-1
Added Pin To Net: NetName=GNDA Pin=R19-2
Added Pin To Net: NetName=NetQ4_2 Pin=R20-1
Added Pin To Net: NetName=GNDA Pin=R20-2
Added Pin To Net: NetName=LED_ERR Pin=R21-1
Added Pin To Net: NetName=NetD8_K Pin=R21-2
Added Pin To Net: NetName=LED_Status Pin=R22-1
Added Pin To Net: NetName=NetD9_K Pin=R22-2
Added Pin To Net: NetName=3V3A Pin=R23-1
Added Pin To Net: NetName=3V3 Pin=R23-2
Added Pin To Net: NetName=GNDA Pin=R24-1
Added Pin To Net: NetName=GND Pin=R24-2
Added Pin To Net: NetName=3V3 Pin=R25-2
Added Pin To Net: NetName=GND Pin=R26-2
Added Pin To Net: NetName=GND Pin=U1-10
Added Pin To Net: NetName=3V3 Pin=U1-11
Added Pin To Net: NetName=OSC_A Pin=U1-12
Added Pin To Net: NetName=OSC_B Pin=U1-13
Added Pin To Net: NetName=RST Pin=U1-14
Added Pin To Net: NetName=BAT_ADC Pin=U1-18
Added Pin To Net: NetName=GNDA Pin=U1-19
Added Pin To Net: NetName=3V3A Pin=U1-20
Added Pin To Net: NetName=3V3A Pin=U1-21
Added Pin To Net: NetName=RC_OUT1 Pin=U1-22
Added Pin To Net: NetName=RC_OUT2 Pin=U1-23
Added Pin To Net: NetName=RC_OUT3 Pin=U1-24
Added Pin To Net: NetName=RC_OUT4 Pin=U1-25
Added Pin To Net: NetName=GND Pin=U1-26
Added Pin To Net: NetName=3V3 Pin=U1-27
Added Pin To Net: NetName=RC_OUT5 Pin=U1-30
Added Pin To Net: NetName=RC_OUT6 Pin=U1-31
Added Pin To Net: NetName=SPF_PITCH Pin=U1-34
Added Pin To Net: NetName=SPF_ROLL Pin=U1-35
Added Pin To Net: NetName=BAT_ADC Pin=U1-37
Added Pin To Net: NetName=BAT_OPA Pin=U1-39
Added Pin To Net: NetName=PC_TX Pin=U1-46
Added Pin To Net: NetName=PC_RX Pin=U1-47
Added Pin To Net: NetName=NetC14_2 Pin=U1-48
Added Pin To Net: NetName=GND Pin=U1-49
Added Pin To Net: NetName=3V3 Pin=U1-50
Added Pin To Net: NetName=IMU_TX Pin=U1-53
Added Pin To Net: NetName=IMU_RX Pin=U1-54
Added Pin To Net: NetName=LED_Status Pin=U1-59
Added Pin To Net: NetName=LED_ERR Pin=U1-60
Added Pin To Net: NetName=RC_IN1 Pin=U1-63
Added Pin To Net: NetName=RC_IN2 Pin=U1-64
Added Pin To Net: NetName=RC_IN3 Pin=U1-67
Added Pin To Net: NetName=RC_IN4 Pin=U1-68
Added Pin To Net: NetName=RC_IN5 Pin=U1-69
Added Pin To Net: NetName=RC_IN6 Pin=U1-70
Added Pin To Net: NetName=NetC11_2 Pin=U1-73
Added Pin To Net: NetName=GND Pin=U1-74
Added Pin To Net: NetName=3V3 Pin=U1-75
Added Pin To Net: NetName=KEY Pin=U1-81
Added Pin To Net: NetName=BK_TX Pin=U1-86
Added Pin To Net: NetName=BK_RX Pin=U1-87
Added Pin To Net: NetName=4G-RST Pin=U1-92
Added Pin To Net: NetName=GND Pin=U1-99
Added Pin To Net: NetName=3V3 Pin=U1-100
Added Pin To Net: NetName=NetD6_2 Pin=USB1-2
Added Pin To Net: NetName=NetD7_2 Pin=USB1-3
Added Pin To Net: NetName=GNDA Pin=USB1-5
Added Pin To Net: NetName=OSC_A Pin=X1-1
Added Pin To Net: NetName=GND Pin=X1-2
Added Pin To Net: NetName=OSC_B Pin=X1-3
Added Pin To Net: NetName=GND Pin=X1-4
Added Pin To Net: NetName=GNDA Pin=XH1-1
Added Pin To Net: NetName=BAT Pin=XH1-2
Added Pin To Net: NetName=BAT Pin=XH2-1
Added Pin To Net: NetName=GNDA Pin=XH2-2
Added Pin To Net: NetName=NetR25_1 Pin=R25-1
Added Pin To Net: NetName=NetR25_1 Pin=R26-1
Added Pin To Net: NetName=NetR25_1 Pin=U1-94
Added Net: Name=NetR25_1
Added Member To Class: ClassName=flyControl1 Member=Component C1 Cap
Added Member To Class: ClassName=flyControl1 Member=Component C2 Cap
Added Member To Class: ClassName=flyControl1 Member=Component C3 Cap
Added Member To Class: ClassName=flyControl1 Member=Component C4 Cap
Added Member To Class: ClassName=flyControl1 Member=Component C5 Cap
Added Member To Class: ClassName=flyControl1 Member=Component C6 Cap
Added Member To Class: ClassName=flyControl1 Member=Component C7 Cap
Added Member To Class: ClassName=flyControl1 Member=Component C8 Cap
Added Member To Class: ClassName=flyControl1 Member=Component C9 Cap
Added Member To Class: ClassName=flyControl1 Member=Component C10 Cap
Added Member To Class: ClassName=flyControl1 Member=Component C11 Cap
Added Member To Class: ClassName=flyControl1 Member=Component C12 Cap
Added Member To Class: ClassName=flyControl1 Member=Component C13 Cap
Added Member To Class: ClassName=flyControl1 Member=Component C14 Cap
Added Member To Class: ClassName=flyControl1 Member=Component C15 Cap
Added Member To Class: ClassName=flyControl1 Member=Component C16 Cap
Added Member To Class: ClassName=flyControl1 Member=Component C17 Cap
Added Member To Class: ClassName=flyControl1 Member=Component C18 Cap
Added Member To Class: ClassName=flyControl1 Member=Component C19 Cap
Added Member To Class: ClassName=flyControl1 Member=Component C20 Cap
Added Member To Class: ClassName=flyControl1 Member=Component D1 LED0
Added Member To Class: ClassName=flyControl1 Member=Component D2 LED0
Added Member To Class: ClassName=flyControl1 Member=Component D3 D Zener
Added Member To Class: ClassName=flyControl1 Member=Component D4 LED0
Added Member To Class: ClassName=flyControl1 Member=Component D5 LED0
Added Member To Class: ClassName=flyControl1 Member=Component D6 Tranzorb
Added Member To Class: ClassName=flyControl1 Member=Component D7 Tranzorb
Added Member To Class: ClassName=flyControl1 Member=Component D8 LED
Added Member To Class: ClassName=flyControl1 Member=Component D9 LED
Added Member To Class: ClassName=flyControl1 Member=Component DCDC1 EUP3458
Added Member To Class: ClassName=flyControl1 Member=Component EC1 DIP_ECAP
Added Member To Class: ClassName=flyControl1 Member=Component EC2 DIP_ECAP
Added Member To Class: ClassName=flyControl1 Member=Component EC3 DIP_ECAP
Added Member To Class: ClassName=flyControl1 Member=Component J1 Pin HDR1X3
Added Member To Class: ClassName=flyControl1 Member=Component J2 Pin HDR1X9
Added Member To Class: ClassName=flyControl1 Member=Component J3 Pin HDR1X4
Added Member To Class: ClassName=flyControl1 Member=Component J4 Pin HDR1X9
Added Member To Class: ClassName=flyControl1 Member=Component J5 MX1.25-4P
Added Member To Class: ClassName=flyControl1 Member=Component J6 MX1.25-4P
Added Member To Class: ClassName=flyControl1 Member=Component J7 Pin HDR1X3
Added Member To Class: ClassName=flyControl1 Member=Component J8 Pin HDR1X3
Added Member To Class: ClassName=flyControl1 Member=Component J9 Pin HDR1X3
Added Member To Class: ClassName=flyControl1 Member=Component K1 KEY
Added Member To Class: ClassName=flyControl1 Member=Component K2 KEY
Added Member To Class: ClassName=flyControl1 Member=Component K3 KEY
Added Member To Class: ClassName=flyControl1 Member=Component LDO1 ME6212
Added Member To Class: ClassName=flyControl1 Member=Component Module1 ATK-M750
Added Member To Class: ClassName=flyControl1 Member=Component Q1 NPN
Added Member To Class: ClassName=flyControl1 Member=Component Q2 NPN
Added Member To Class: ClassName=flyControl1 Member=Component Q3 NPN
Added Member To Class: ClassName=flyControl1 Member=Component Q4 NPN
Added Member To Class: ClassName=flyControl1 Member=Component R1 Res2
Added Member To Class: ClassName=flyControl1 Member=Component R2 Res2
Added Member To Class: ClassName=flyControl1 Member=Component R3 Res2
Added Member To Class: ClassName=flyControl1 Member=Component R4 Res2
Added Member To Class: ClassName=flyControl1 Member=Component R5 Res2
Added Member To Class: ClassName=flyControl1 Member=Component R6 Res2
Added Member To Class: ClassName=flyControl1 Member=Component R7 Res2
Added Member To Class: ClassName=flyControl1 Member=Component R8 Res2
Added Member To Class: ClassName=flyControl1 Member=Component R9 Res2
Added Member To Class: ClassName=flyControl1 Member=Component R10 Res2
Added Member To Class: ClassName=flyControl1 Member=Component R11 Res2
Added Member To Class: ClassName=flyControl1 Member=Component R12 Res2
Added Member To Class: ClassName=flyControl1 Member=Component R13 Res2
Added Member To Class: ClassName=flyControl1 Member=Component R14 Res2
Added Member To Class: ClassName=flyControl1 Member=Component R15 Res2
Added Member To Class: ClassName=flyControl1 Member=Component R16 Res2
Added Member To Class: ClassName=flyControl1 Member=Component R17 Res2
Added Member To Class: ClassName=flyControl1 Member=Component R18 Res2
Added Member To Class: ClassName=flyControl1 Member=Component R19 Res2
Added Member To Class: ClassName=flyControl1 Member=Component R20 Res2
Added Member To Class: ClassName=flyControl1 Member=Component R21 Res2
Added Member To Class: ClassName=flyControl1 Member=Component R22 Res2
Added Member To Class: ClassName=flyControl1 Member=Component R23 Res2
Added Member To Class: ClassName=flyControl1 Member=Component R24 Res2
Added Member To Class: ClassName=flyControl1 Member=Component R25 Res2
Added Member To Class: ClassName=flyControl1 Member=Component R26 Res2
Added Member To Class: ClassName=flyControl1 Member=Component U1 STM32H750VBT6
Added Member To Class: ClassName=flyControl1 Member=Component USB1 Micro-USB
Added Member To Class: ClassName=flyControl1 Member=Component X1 XTAL-4P
Added Member To Class: ClassName=flyControl1 Member=Component XH1 XH2
Added Member To Class: ClassName=flyControl1 Member=Component XH2
Added Room: Name=flyControl1
